<?xml version="1.0" encoding="UTF-8"?>
<!-- Generated by org.testng.reporters.JUnitXMLReporter -->
<testsuite hostname="kuba-Komputer" name="Default test" tests="3" failures="0" timestamp="19 Apr 2015 13:10:35 GMT" time="34.863" errors="0">
  <testcase name="testMainPage" time="0.041" classname="pl.aa.test.AmericanAirline"/>
  <testcase name="testHomePage" time="7.782" classname="pl.aa.test.AmericanAirline"/>
  <testcase name="testDepatur" time="9.754" classname="pl.aa.test.AmericanAirline"/>
</testsuite> <!-- Default test -->
