<?xml version="1.0" encoding="UTF-8"?>
<testng-results skipped="0" failed="0" total="3" passed="3">
  <reporter-output>
  </reporter-output>
  <suite name="Default suite" duration-ms="34863" started-at="2015-04-19T13:10:00Z" finished-at="2015-04-19T13:10:35Z">
    <groups>
    </groups>
    <test name="Default test" duration-ms="34863" started-at="2015-04-19T13:10:00Z" finished-at="2015-04-19T13:10:35Z">
      <class name="pl.aa.test.AmericanAirline">
        <test-method status="PASS" signature="beforeTest()[pri:0, instance:pl.aa.test.AmericanAirline@16c0663d]" name="beforeTest" is-config="true" duration-ms="6378" started-at="2015-04-19T15:10:00Z" finished-at="2015-04-19T15:10:07Z">
          <reporter-output>
          </reporter-output>
        </test-method> <!-- beforeTest -->
        <test-method status="PASS" signature="testMainPage()[pri:0, instance:pl.aa.test.AmericanAirline@16c0663d]" name="testMainPage" duration-ms="41" started-at="2015-04-19T15:10:07Z" finished-at="2015-04-19T15:10:07Z">
          <reporter-output>
          </reporter-output>
        </test-method> <!-- testMainPage -->
        <test-method status="PASS" signature="beforeTest()[pri:0, instance:pl.aa.test.AmericanAirline@16c0663d]" name="beforeTest" is-config="true" duration-ms="5757" started-at="2015-04-19T15:10:07Z" finished-at="2015-04-19T15:10:13Z">
          <reporter-output>
          </reporter-output>
        </test-method> <!-- beforeTest -->
        <test-method status="PASS" signature="testHomePage()[pri:0, instance:pl.aa.test.AmericanAirline@16c0663d]" name="testHomePage" duration-ms="7782" started-at="2015-04-19T15:10:13Z" finished-at="2015-04-19T15:10:20Z">
          <reporter-output>
          </reporter-output>
        </test-method> <!-- testHomePage -->
        <test-method status="PASS" signature="beforeTest()[pri:0, instance:pl.aa.test.AmericanAirline@16c0663d]" name="beforeTest" is-config="true" duration-ms="5136" started-at="2015-04-19T15:10:20Z" finished-at="2015-04-19T15:10:26Z">
          <reporter-output>
          </reporter-output>
        </test-method> <!-- beforeTest -->
        <test-method status="PASS" signature="testDepatur()[pri:0, instance:pl.aa.test.AmericanAirline@16c0663d]" name="testDepatur" duration-ms="9754" started-at="2015-04-19T15:10:26Z" finished-at="2015-04-19T15:10:35Z">
          <reporter-output>
          </reporter-output>
        </test-method> <!-- testDepatur -->
      </class> <!-- pl.aa.test.AmericanAirline -->
    </test> <!-- Default test -->
  </suite> <!-- Default suite -->
</testng-results>
