<?xml version="1.0" encoding="UTF-8"?>
<testng-results skipped="0" failed="0" total="3" passed="3">
  <reporter-output>
  </reporter-output>
  <suite name="Default suite" duration-ms="34219" started-at="2015-04-19T13:35:23Z" finished-at="2015-04-19T13:35:57Z">
    <groups>
    </groups>
    <test name="Default test" duration-ms="34219" started-at="2015-04-19T13:35:23Z" finished-at="2015-04-19T13:35:57Z">
      <class name="AmericanAirline">
        <test-method status="PASS" signature="beforeTest()[pri:0, instance:AmericanAirline@7cf10a6f]" name="beforeTest" is-config="true" duration-ms="6889" started-at="2015-04-19T15:35:23Z" finished-at="2015-04-19T15:35:30Z">
          <reporter-output>
          </reporter-output>
        </test-method> <!-- beforeTest -->
        <test-method status="PASS" signature="testMainPage()[pri:0, instance:AmericanAirline@7cf10a6f]" name="testMainPage" duration-ms="40" started-at="2015-04-19T15:35:30Z" finished-at="2015-04-19T15:35:30Z">
          <reporter-output>
          </reporter-output>
        </test-method> <!-- testMainPage -->
        <test-method status="PASS" signature="beforeTest()[pri:0, instance:AmericanAirline@7cf10a6f]" name="beforeTest" is-config="true" duration-ms="4779" started-at="2015-04-19T15:35:30Z" finished-at="2015-04-19T15:35:35Z">
          <reporter-output>
          </reporter-output>
        </test-method> <!-- beforeTest -->
        <test-method status="PASS" signature="testHomePage()[pri:0, instance:AmericanAirline@7cf10a6f]" name="testHomePage" duration-ms="7668" started-at="2015-04-19T15:35:35Z" finished-at="2015-04-19T15:35:42Z">
          <reporter-output>
          </reporter-output>
        </test-method> <!-- testHomePage -->
        <test-method status="PASS" signature="beforeTest()[pri:0, instance:AmericanAirline@7cf10a6f]" name="beforeTest" is-config="true" duration-ms="5290" started-at="2015-04-19T15:35:42Z" finished-at="2015-04-19T15:35:48Z">
          <reporter-output>
          </reporter-output>
        </test-method> <!-- beforeTest -->
        <test-method status="PASS" signature="testDepatur()[pri:0, instance:AmericanAirline@7cf10a6f]" name="testDepatur" duration-ms="9535" started-at="2015-04-19T15:35:48Z" finished-at="2015-04-19T15:35:57Z">
          <reporter-output>
          </reporter-output>
        </test-method> <!-- testDepatur -->
      </class> <!-- AmericanAirline -->
    </test> <!-- Default test -->
  </suite> <!-- Default suite -->
</testng-results>
